\BOOKMARK [0][-]{part.1}{\376\377\000I\000\040\000T\000h\000e\000\040\000C\000o\000h\000e\000r\000e\000n\000t\000\040\000J\000a\000y\000n\000e\000s\040\023\000C\000u\000m\000m\000i\000n\000g\000s\000\040\000M\000o\000d\000e\000l}{}% 1
\BOOKMARK [1][-]{section.1}{\376\377\000I\000n\000t\000r\000o\000d\000u\000c\000t\000i\000o\000n}{part.1}% 2
\BOOKMARK [1][-]{section.2}{\376\377\000D\000e\000r\000i\000v\000a\000t\000i\000o\000n\000\040\000o\000f\000\040\000t\000h\000e\000\040\000H\000a\000m\000i\000l\000t\000o\000n\000i\000a\000n}{part.1}% 3
\BOOKMARK [2][-]{subsection.2.1}{\376\377\000Q\000u\000a\000n\000t\000i\000z\000e\000d\000\040\000c\000a\000v\000i\000t\000y\000\040\000m\000o\000d\000e}{section.2}% 4
\BOOKMARK [2][-]{subsection.2.2}{\376\377\000T\000w\000o\000-\000l\000e\000v\000e\000l\000\040\000a\000t\000o\000m\000\040\000a\000n\000d\000\040\000P\000a\000u\000l\000i\000\040\000o\000p\000e\000r\000a\000t\000o\000r\000s}{section.2}% 5
\BOOKMARK [2][-]{subsection.2.3}{\376\377\000L\000i\000g\000h\000t\040\023\000m\000a\000t\000t\000e\000r\000\040\000i\000n\000t\000e\000r\000a\000c\000t\000i\000o\000n\000\040\000a\000n\000d\000\040\000R\000W\000A}{section.2}% 6
\BOOKMARK [1][-]{section.3}{\376\377\000E\000x\000a\000c\000t\000\040\000S\000o\000l\000u\000t\000i\000o\000n\000\040\000a\000n\000d\000\040\000D\000y\000n\000a\000m\000i\000c\000s}{part.1}% 7
\BOOKMARK [2][-]{subsection.3.1}{\376\377\000C\000o\000n\000s\000e\000r\000v\000a\000t\000i\000o\000n\000\040\000o\000f\000\040\000e\000x\000c\000i\000t\000a\000t\000i\000o\000n\000\040\000n\000u\000m\000b\000e\000r}{section.3}% 8
\BOOKMARK [2][-]{subsection.3.2}{\376\377\000D\000r\000e\000s\000s\000e\000d\000\040\000s\000t\000a\000t\000e\000s\000\040\000a\000n\000d\000\040\000e\000i\000g\000e\000n\000e\000n\000e\000r\000g\000i\000e\000s}{section.3}% 9
\BOOKMARK [2][-]{subsection.3.3}{\376\377\000V\000a\000c\000u\000u\000m\000\040\000R\000a\000b\000i\000\040\000o\000s\000c\000i\000l\000l\000a\000t\000i\000o\000n\000s}{section.3}% 10
\BOOKMARK [2][-]{subsection.3.4}{\376\377\000C\000o\000l\000l\000a\000p\000s\000e\000\040\000a\000n\000d\000\040\000r\000e\000v\000i\000v\000a\000l}{section.3}% 11
\BOOKMARK [0][-]{part.2}{\376\377\000I\000I\000\040\000F\000o\000u\000n\000d\000a\000t\000i\000o\000n\000s\000:\000\040\000D\000y\000n\000a\000m\000i\000c\000s\000\040\000o\000f\000\040\000O\000p\000e\000n\000\040\000S\000y\000s\000t\000e\000m\000s}{}% 12
\BOOKMARK [1][-]{section.4}{\376\377\000M\000i\000c\000r\000o\000s\000c\000o\000p\000i\000c\000\040\000D\000e\000r\000i\000v\000a\000t\000i\000o\000n\000\040\000o\000f\000\040\000D\000i\000s\000s\000i\000p\000a\000t\000i\000o\000n}{part.2}% 13
\BOOKMARK [2][-]{subsection.4.1}{\376\377\000T\000h\000e\000\040\000R\000e\000s\000e\000r\000v\000o\000i\000r\000\040\000M\000o\000d\000e\000l}{section.4}% 14
\BOOKMARK [2][-]{subsection.4.2}{\376\377\000T\000h\000e\000\040\000L\000i\000n\000d\000b\000l\000a\000d\000\040\000M\000a\000s\000t\000e\000r\000\040\000E\000q\000u\000a\000t\000i\000o\000n}{section.4}% 15
\BOOKMARK [1][-]{section.5}{\376\377\000S\000t\000o\000c\000h\000a\000s\000t\000i\000c\000\040\000U\000n\000r\000a\000v\000e\000l\000l\000i\000n\000g\000s\000\040\000a\000n\000d\000\040\000M\000i\000n\000i\000m\000a\000l\000\040\000D\000i\000l\000a\000t\000i\000o\000n}{part.2}% 16
\BOOKMARK [2][-]{subsection.5.1}{\376\377\000T\000h\000e\000\040\000P\000r\000o\000b\000l\000e\000m\000\040\000o\000f\000\040\000D\000i\000m\000e\000n\000s\000i\000o\000n\000a\000l\000i\000t\000y}{section.5}% 17
\BOOKMARK [2][-]{subsection.5.2}{\376\377\000M\000i\000n\000i\000m\000a\000l\000\040\000D\000i\000l\000a\000t\000i\000o\000n\000\040\000T\000h\000e\000o\000r\000e\000m}{section.5}% 18
\BOOKMARK [2][-]{subsection.5.3}{\376\377\000M\000o\000n\000t\000e\000\040\000C\000a\000r\000l\000o\000\040\000W\000a\000v\000e\000f\000u\000n\000c\000t\000i\000o\000n\000s\000\040\000\050\000Q\000u\000a\000n\000t\000u\000m\000\040\000T\000r\000a\000j\000e\000c\000t\000o\000r\000i\000e\000s\000\051}{section.5}% 19
\BOOKMARK [0][-]{part.3}{\376\377\000I\000I\000I\000\040\000I\000n\000f\000o\000r\000m\000a\000t\000i\000o\000n\000\040\000a\000n\000d\000\040\000E\000n\000t\000r\000o\000p\000y\000:\000\040\000Q\000u\000a\000n\000t\000i\000f\000y\000i\000n\000g\000\040\000C\000o\000r\000r\000e\000l\000a\000t\000i\000o\000n\000s}{}% 20
\BOOKMARK [1][-]{section.6}{\376\377\000E\000v\000o\000l\000u\000t\000i\000o\000n\000\040\000o\000f\000\040\000Q\000u\000a\000n\000t\000u\000m\000\040\000E\000n\000t\000a\000n\000g\000l\000e\000m\000e\000n\000t}{part.3}% 21
\BOOKMARK [2][-]{subsection.6.1}{\376\377\000I\000n\000t\000r\000o\000d\000u\000c\000t\000i\000o\000n}{section.6}% 22
\BOOKMARK [2][-]{subsection.6.2}{\376\377\000E\000n\000t\000r\000o\000p\000y\000\040\000a\000n\000d\000\040\000E\000n\000t\000a\000n\000g\000l\000e\000m\000e\000n\000t}{section.6}% 23
\BOOKMARK [3][-]{subsubsection.6.2.1}{\376\377\000T\000h\000e\000\040\000Q\000u\000a\000n\000t\000u\000m\000\040\000C\000a\000s\000e\000\040\000\050\000P\000u\000r\000e\000\040\000S\000t\000a\000t\000e\000s\000\051}{subsection.6.2}% 24
\BOOKMARK [3][-]{subsubsection.6.2.2}{\376\377\000E\000n\000t\000a\000n\000g\000l\000e\000m\000e\000n\000t\000\040\000M\000e\000a\000s\000u\000r\000e\000s\000\040\000f\000o\000r\000\040\000M\000i\000x\000e\000d\000\040\000S\000t\000a\000t\000e\000s}{subsection.6.2}% 25
\BOOKMARK [0][-]{part.4}{\376\377\000I\000V\000\040\000O\000p\000e\000r\000a\000t\000i\000o\000n\000a\000l\000\040\000M\000e\000a\000s\000u\000r\000e\000m\000e\000n\000t\000\040\000T\000h\000e\000o\000r\000y}{}% 26
\BOOKMARK [1][-]{section.7}{\376\377\000T\000h\000e\000\040\000D\000i\000s\000p\000e\000r\000s\000i\000v\000e\000\040\000R\000e\000g\000i\000m\000e}{part.4}% 27
\BOOKMARK [2][-]{subsection.7.1}{\376\377\000E\000f\000f\000e\000c\000t\000i\000v\000e\000\040\000H\000a\000m\000i\000l\000t\000o\000n\000i\000a\000n}{section.7}% 28
\BOOKMARK [1][-]{section.8}{\376\377\000Q\000u\000a\000n\000t\000u\000m\000\040\000I\000n\000s\000t\000r\000u\000m\000e\000n\000t\000s\000\040\000a\000n\000d\000\040\000T\000o\000m\000o\000g\000r\000a\000p\000h\000y}{part.4}% 29
\BOOKMARK [2][-]{subsection.8.1}{\376\377\000M\000e\000a\000s\000u\000r\000e\000m\000e\000n\000t\000\040\000a\000s\000\040\000a\000n\000\040\000I\000n\000s\000t\000r\000u\000m\000e\000n\000t}{section.8}% 30
\BOOKMARK [2][-]{subsection.8.2}{\376\377\000F\000u\000z\000z\000i\000f\000i\000c\000a\000t\000i\000o\000n\000\040\000a\000n\000d\000\040\000P\000O\000V\000M\000s}{section.8}% 31
\BOOKMARK [1][-]{section.9}{\376\377\000D\000y\000n\000a\000m\000i\000c\000\040\000M\000o\000d\000e\000l\000s\000\040\000o\000f\000\040\000Q\000u\000a\000n\000t\000u\000m\000\040\000M\000e\000a\000s\000u\000r\000e\000m\000e\000n\000t\000s\000:\000\040\000T\000h\000e\000\040\000S\000t\000e\000r\000n\000-\000G\000e\000r\000l\000a\000c\000h\000\040\000E\000x\000a\000m\000p\000l\000e}{part.4}% 32
\BOOKMARK [2][-]{subsection.9.1}{\376\377\000T\000h\000e\000\040\000P\000a\000u\000l\000i\000-\000S\000c\000h\000r\000\366\000d\000i\000n\000g\000e\000r\000\040\000E\000q\000u\000a\000t\000i\000o\000n}{section.9}% 33
\BOOKMARK [2][-]{subsection.9.2}{\376\377\000S\000t\000o\000c\000h\000a\000s\000t\000i\000c\000\040\000P\000e\000r\000t\000u\000r\000b\000a\000t\000i\000o\000n\000\040\000M\000o\000d\000e\000l\000:\000\040\000M\000i\000c\000r\000o\000s\000c\000o\000p\000i\000c\000\040\000O\000r\000i\000g\000i\000n\000\040\000o\000f\000\040\000N\000o\000i\000s\000e}{section.9}% 34
\BOOKMARK [2][-]{subsection.9.3}{\376\377\000C\000o\000v\000a\000r\000i\000a\000n\000t\000\040\000T\000o\000m\000o\000g\000r\000a\000p\000h\000y\000\040\000P\000r\000o\000t\000o\000c\000o\000l}{section.9}% 35
\BOOKMARK [0][-]{part.5}{\376\377\000V\000\040\000A\000p\000p\000e\000n\000d\000i\000x\000:\000\040\000C\000l\000a\000s\000s\000i\000c\000a\000l\000\040\000P\000h\000y\000s\000i\000c\000s\000\040\000F\000o\000r\000m\000a\000l\000i\000s\000m}{}% 36
\BOOKMARK [1][-]{section.10}{\376\377\000S\000y\000m\000p\000l\000e\000c\000t\000i\000c\000\040\000M\000a\000n\000i\000f\000o\000l\000d\000s\000\040\000a\000n\000d\000\040\000L\000i\000o\000u\000v\000i\000l\000l\000e\000\040\000D\000y\000n\000a\000m\000i\000c\000s}{part.5}% 37
\BOOKMARK [2][-]{subsection.10.1}{\376\377\000D\000e\000t\000e\000r\000m\000i\000n\000i\000s\000t\000i\000c\000\040\000E\000v\000o\000l\000u\000t\000i\000o\000n\000\040\000o\000n\000\040\000S\000y\000m\000p\000l\000e\000c\000t\000i\000c\000\040\000M\000a\000n\000i\000f\000o\000l\000d\000s}{section.10}% 38
\BOOKMARK [2][-]{subsection.10.2}{\376\377\000S\000t\000o\000c\000h\000a\000s\000t\000i\000c\000\040\000E\000v\000o\000l\000u\000t\000i\000o\000n\000\040\000a\000n\000d\000\040\000M\000a\000r\000t\000i\000n\000g\000a\000l\000e\000s}{section.10}% 39
\BOOKMARK [0][-]{part.6}{\376\377\000V\000I\000\040\000E\000x\000p\000e\000r\000i\000m\000e\000n\000t\000a\000l\000\040\000C\000o\000n\000s\000i\000d\000e\000r\000a\000t\000i\000o\000n\000s}{}% 40
\BOOKMARK [1][-]{section.11}{\376\377\000E\000x\000p\000e\000r\000i\000m\000e\000n\000t\000a\000l\000\040\000R\000e\000a\000l\000i\000z\000a\000t\000i\000o\000n\000s}{part.6}% 41
\BOOKMARK [2][-]{subsection.11.1}{\376\377\000O\000p\000t\000i\000c\000a\000l\000\040\000c\000a\000v\000i\000t\000y\000\040\000Q\000E\000D\000\040\000w\000i\000t\000h\000\040\000n\000e\000u\000t\000r\000a\000l\000\040\000a\000t\000o\000m\000s}{section.11}% 42
\BOOKMARK [2][-]{subsection.11.2}{\376\377\000S\000u\000p\000e\000r\000c\000o\000n\000d\000u\000c\000t\000i\000n\000g\000\040\000C\000i\000r\000c\000u\000i\000t\000\040\000Q\000E\000D}{section.11}% 43
\BOOKMARK [1][-]{section.12}{\376\377\000N\000u\000m\000e\000r\000i\000c\000a\000l\000\040\000S\000i\000m\000u\000l\000a\000t\000i\000o\000n\000\040\000G\000u\000i\000d\000e\000l\000i\000n\000e\000s}{part.6}% 44
\BOOKMARK [2][-]{subsection.12.1}{\376\377\000H\000i\000l\000b\000e\000r\000t\000-\000s\000p\000a\000c\000e\000\040\000e\000x\000e\000c\000u\000t\000i\000o\000n}{section.12}% 45
\BOOKMARK [2][-]{subsection.12.2}{\376\377\000S\000o\000l\000v\000e\000r\000\040\000C\000h\000o\000i\000c\000e}{section.12}% 46
